<?xml version="1.0" encoding="UTF-8"?>
<Site BuildName="Linux-c++"
	BuildStamp="20251101-0010-Experimental"
	Name="wander"
	Generator="ctest-3.31.6"
	CompilerName="/run/current-system/sw/bin/c++"
	CompilerVersion="15.1.0"
	OSName="Linux"
	Hostname="wander"
	OSRelease="6.17.1"
	OSVersion="#1-NixOS SMP PREEMPT_DYNAMIC Mon Oct  6 09:20:06 UTC 2025"
	OSPlatform="x86_64"
	Is64Bits="1"
	VendorString="GenuineIntel"
	VendorID="Intel Corporation"
	FamilyID="6"
	ModelID="154"
	ModelName="12th Gen Intel(R) Core(TM) i7-12700H"
	ProcessorCacheSize="24576"
	NumberOfLogicalCPU="20"
	NumberOfPhysicalCPU="14"
	TotalVirtualMemory="34956"
	TotalPhysicalMemory="31778"
	LogicalProcessorsPerPhysical="1"
	ProcessorClockFrequency="559.819"
	>
	<Testing>
		<StartDateTime>Oct 31 17:12 PDT</StartDateTime>
		<StartTestTime>1761955938</StartTestTime>
		<TestList/>
		<EndDateTime>Oct 31 17:12 PDT</EndDateTime>
		<EndTestTime>1761955938</EndTestTime>
		<ElapsedMinutes>0</ElapsedMinutes>
	</Testing>
</Site>
